<?xml version="1.0" encoding="UTF-8"?>
<testsuite xmlns:xsi="http://www.w3.org/2001/XMLSchema-instance" xsi:noNamespaceSchemaLocation="https://maven.apache.org/surefire/maven-surefire-plugin/xsd/surefire-test-report.xsd" name="br.edu.ifrn.pds.atividade.test.conta.ContaBancariaTest" time="0" tests="12" errors="0" skipped="0" failures="0">
  <properties>
[...]
</properties>
  <testcase name="deveriaLancarExcecaoAoTransferirParaMesmaConta" classname="br.edu.ifrn.pds.atividade.test.conta.ContaBancariaTest" time="0"/>
  <testcase name="deveriaTransferir500ParaConta2" classname="br.edu.ifrn.pds.atividade.test.conta.ContaBancariaTest" time="0"/>
  <testcase name="deveriaLancarMensagemCorretaAoDepositar" classname="br.edu.ifrn.pds.atividade.test.conta.ContaBancariaTest" time="0"/>
  <testcase name="deveriaRetornarSaldoDe1000" classname="br.edu.ifrn.pds.atividade.test.conta.ContaBancariaTest" time="0"/>
  <testcase name="deveriaLancarExcecaoAoSacarValorMaiorQueSaldo" classname="br.edu.ifrn.pds.atividade.test.conta.ContaBancariaTest" time="0"/>
  <testcase name="deveriaLancarExcecaoAoTransferirValorNegativo" classname="br.edu.ifrn.pds.atividade.test.conta.ContaBancariaTest" time="0"/>
  <testcase name="deveriaDepositar1000" classname="br.edu.ifrn.pds.atividade.test.conta.ContaBancariaTest" time="0"/>
  <testcase name="deveriaSacar400" classname="br.edu.ifrn.pds.atividade.test.conta.ContaBancariaTest" time="0"/>
  <testcase name="deveriaLancarExcecaoAoSacarValorNegativo" classname="br.edu.ifrn.pds.atividade.test.conta.ContaBancariaTest" time="0"/>
  <testcase name="deveriaDiminuirSaldoAoSacar400" classname="br.edu.ifrn.pds.atividade.test.conta.ContaBancariaTest" time="0"/>
  <testcase name="deveriaLancarExcecaoAoDepositar" classname="br.edu.ifrn.pds.atividade.test.conta.ContaBancariaTest" time="0"/>
  <testcase name="deveriaLancarExcecaoAoTransferirValorMaiorQueSaldo" classname="br.edu.ifrn.pds.atividade.test.conta.ContaBancariaTest" time="0"/>
</testsuite>